
**** Build of configuration Debug for project compdcm_mpu9150 ****

"C:\\TI_CodeComposer\\ccsv6\\utils\\bin\\gmake" -k all 
'Building file: ../compdcm_mpu9150.c'
'Invoking: ARM Compiler'
"C:/TI_CodeComposer/ccsv6/tools/compiler/ti-cgt-arm_15.12.1.LTS/bin/armcl" -mv7M4 --code_state=16 --float_support=FPv4SPD16 --abi=eabi -me -O2 --include_path="C:/TI_CodeComposer/ccsv6/tools/compiler/ti-cgt-arm_15.12.1.LTS/include" --include_path="C:/TI_CodeComposer/TivaWare/examples/boards/ek-tm4c1294xl-boostxl-senshub" --include_path="C:/TI_CodeComposer/TivaWare" --advice:power=all -g --gcc --define=ccs="ccs" --define=PART_TM4C1294NCPDT --define=TARGET_IS_TM4C129_RA0 --define=UART_BUFFERED --diag_wrap=off --diag_warning=225 --display_error_number --gen_func_subsections=on --ual --preproc_with_compile --preproc_dependency="compdcm_mpu9150.d"  "../compdcm_mpu9150.c"
"../compdcm_mpu9150.c", line 304: remark #1527-D: (ULP 2.1) Detected SW delay loop using empty loop. Recommend using a timer module instead
'Finished building: ../compdcm_mpu9150.c'
' '
'Building file: ../startup_ccs.c'
'Invoking: ARM Compiler'
"C:/TI_CodeComposer/ccsv6/tools/compiler/ti-cgt-arm_15.12.1.LTS/bin/armcl" -mv7M4 --code_state=16 --float_support=FPv4SPD16 --abi=eabi -me -O2 --include_path="C:/TI_CodeComposer/ccsv6/tools/compiler/ti-cgt-arm_15.12.1.LTS/include" --include_path="C:/TI_CodeComposer/TivaWare/examples/boards/ek-tm4c1294xl-boostxl-senshub" --include_path="C:/TI_CodeComposer/TivaWare" --advice:power=all -g --gcc --define=ccs="ccs" --define=PART_TM4C1294NCPDT --define=TARGET_IS_TM4C129_RA0 --define=UART_BUFFERED --diag_wrap=off --diag_warning=225 --display_error_number --gen_func_subsections=on --ual --preproc_with_compile --preproc_dependency="startup_ccs.d"  "../startup_ccs.c"
"../startup_ccs.c", line 238: remark #1527-D: (ULP 2.1) Detected SW delay loop using empty loop. Recommend using a timer module instead
"../startup_ccs.c", line 256: remark #1527-D: (ULP 2.1) Detected SW delay loop using empty loop. Recommend using a timer module instead
"../startup_ccs.c", line 274: remark #1527-D: (ULP 2.1) Detected SW delay loop using empty loop. Recommend using a timer module instead
'Finished building: ../startup_ccs.c'
' '
'Building file: C:/TI_CodeComposer/TivaWare/examples/boards/ek-tm4c1294xl-boostxl-senshub/drivers/buttons.c'
'Invoking: ARM Compiler'
"C:/TI_CodeComposer/ccsv6/tools/compiler/ti-cgt-arm_15.12.1.LTS/bin/armcl" -mv7M4 --code_state=16 --float_support=FPv4SPD16 --abi=eabi -me -O2 --include_path="C:/TI_CodeComposer/ccsv6/tools/compiler/ti-cgt-arm_15.12.1.LTS/include" --include_path="C:/TI_CodeComposer/TivaWare/examples/boards/ek-tm4c1294xl-boostxl-senshub" --include_path="C:/TI_CodeComposer/TivaWare" --advice:power=all -g --gcc --define=ccs="ccs" --define=PART_TM4C1294NCPDT --define=TARGET_IS_TM4C129_RA0 --define=UART_BUFFERED --diag_wrap=off --diag_warning=225 --display_error_number --gen_func_subsections=on --ual --preproc_with_compile --preproc_dependency="drivers/buttons.d" --obj_directory="drivers"  "C:/TI_CodeComposer/TivaWare/examples/boards/ek-tm4c1294xl-boostxl-senshub/drivers/buttons.c"
'Finished building: C:/TI_CodeComposer/TivaWare/examples/boards/ek-tm4c1294xl-boostxl-senshub/drivers/buttons.c'
' '
'Building file: C:/TI_CodeComposer/TivaWare/examples/boards/ek-tm4c1294xl-boostxl-senshub/drivers/pinout.c'
'Invoking: ARM Compiler'
"C:/TI_CodeComposer/ccsv6/tools/compiler/ti-cgt-arm_15.12.1.LTS/bin/armcl" -mv7M4 --code_state=16 --float_support=FPv4SPD16 --abi=eabi -me -O2 --include_path="C:/TI_CodeComposer/ccsv6/tools/compiler/ti-cgt-arm_15.12.1.LTS/include" --include_path="C:/TI_CodeComposer/TivaWare/examples/boards/ek-tm4c1294xl-boostxl-senshub" --include_path="C:/TI_CodeComposer/TivaWare" --advice:power=all -g --gcc --define=ccs="ccs" --define=PART_TM4C1294NCPDT --define=TARGET_IS_TM4C129_RA0 --define=UART_BUFFERED --diag_wrap=off --diag_warning=225 --display_error_number --gen_func_subsections=on --ual --preproc_with_compile --preproc_dependency="drivers/pinout.d" --obj_directory="drivers"  "C:/TI_CodeComposer/TivaWare/examples/boards/ek-tm4c1294xl-boostxl-senshub/drivers/pinout.c"
'Finished building: C:/TI_CodeComposer/TivaWare/examples/boards/ek-tm4c1294xl-boostxl-senshub/drivers/pinout.c'
' '
'Building file: C:/TI_CodeComposer/TivaWare/utils/uartstdio.c'
'Invoking: ARM Compiler'
"C:/TI_CodeComposer/ccsv6/tools/compiler/ti-cgt-arm_15.12.1.LTS/bin/armcl" -mv7M4 --code_state=16 --float_support=FPv4SPD16 --abi=eabi -me -O2 --include_path="C:/TI_CodeComposer/ccsv6/tools/compiler/ti-cgt-arm_15.12.1.LTS/include" --include_path="C:/TI_CodeComposer/TivaWare/examples/boards/ek-tm4c1294xl-boostxl-senshub" --include_path="C:/TI_CodeComposer/TivaWare" --advice:power=all -g --gcc --define=ccs="ccs" --define=PART_TM4C1294NCPDT --define=TARGET_IS_TM4C129_RA0 --define=UART_BUFFERED --diag_wrap=off --diag_warning=225 --display_error_number --gen_func_subsections=on --ual --preproc_with_compile --preproc_dependency="utils/uartstdio.d" --obj_directory="utils"  "C:/TI_CodeComposer/TivaWare/utils/uartstdio.c"
"C:/TI_CodeComposer/TivaWare/utils/uartstdio.c", line 794: remark #1527-D: (ULP 2.1) Detected SW delay loop using empty loop. Recommend using a timer module instead
"C:/TI_CodeComposer/TivaWare/utils/uartstdio.c", line 878: remark #1527-D: (ULP 2.1) Detected SW delay loop using empty loop. Recommend using a timer module instead
"C:/TI_CodeComposer/TivaWare/utils/uartstdio.c", line 1044: remark #1527-D: (ULP 2.1) Detected SW delay loop using empty loop. Recommend using a timer module instead
"C:/TI_CodeComposer/TivaWare/utils/uartstdio.c", line 1139: remark #1527-D: (ULP 2.1) Detected SW delay loop using empty loop. Recommend using a timer module instead
"C:/TI_CodeComposer/TivaWare/utils/uartstdio.c", line 1501: remark #1527-D: (ULP 2.1) Detected SW delay loop using empty loop. Recommend using a timer module instead
"C:/TI_CodeComposer/TivaWare/utils/uartstdio.c", line 1700: remark #2623-D: (ULP 5.4) Detected an assignment to a type with size less than int. To avoid unnecessary sign extension, use int-sized types for local varaibles and convert to smaller types for static storage.
"C:/TI_CodeComposer/TivaWare/utils/uartstdio.c", line 134: remark #1534-D: (ULP 7.1) Detected use of global variable "g_pcHex" within one function "UARTvprintf". Recommend placing variable in the function locally
'Finished building: C:/TI_CodeComposer/TivaWare/utils/uartstdio.c'
' '
'Building target: compdcm_mpu9150.out'
'Invoking: ARM Linker'
"C:/TI_CodeComposer/ccsv6/tools/compiler/ti-cgt-arm_15.12.1.LTS/bin/armcl" -mv7M4 --code_state=16 --float_support=FPv4SPD16 --abi=eabi -me -O2 --advice:power=all -g --gcc --define=ccs="ccs" --define=PART_TM4C1294NCPDT --define=TARGET_IS_TM4C129_RA0 --define=UART_BUFFERED --diag_wrap=off --diag_warning=225 --display_error_number --gen_func_subsections=on --ual -z -m"compdcm_mpu9150_ccs.map" --heap_size=0 --stack_size=1024 -i"C:/TI_CodeComposer/ccsv6/tools/compiler/ti-cgt-arm_15.12.1.LTS/lib" -i"C:/TI_CodeComposer/ccsv6/tools/compiler/ti-cgt-arm_15.12.1.LTS/include" --reread_libs --display_error_number --diag_wrap=off --warn_sections --xml_link_info="compdcm_mpu9150_linkInfo.xml" --rom_model -o "compdcm_mpu9150.out" "./compdcm_mpu9150.obj" "./startup_ccs.obj" "./drivers/buttons.obj" "./drivers/pinout.obj" "./utils/uartstdio.obj" "../compdcm_mpu9150_ccs.cmd"  -llibc.a -l"C:/TI_CodeComposer/TivaWare/driverlib/ccs/Debug/driverlib.lib" -l"C:/TI_CodeComposer/TivaWare/sensorlib/ccs/Debug/sensorlib.lib" 
<Linking>

remark #10371-D: (ULP 1.1) Detected no uses of low power mode state changing instructions
 undefined first referenced                                                           

>> Compilation failure
makefile:150: recipe for target 'compdcm_mpu9150.out' failed
  symbol       in file                                                                
 --------- ----------------                                                           
 _FDclass  C:/TI_CodeComposer/TivaWare/sensorlib/ccs/Debug/sensorlib.lib<comp_dcm.obj>

error #10234-D: unresolved symbols remain
error #10010: errors encountered during linking; "compdcm_mpu9150.out" not built
gmake: *** [compdcm_mpu9150.out] Error 1
gmake: Target 'all' not remade because of errors.

**** Build Finished ****
